C51 COMPILER V9.60.0.0   DIV_USB                                                           03/19/2026 16:24:21 PAGE 1   


C51 COMPILER V9.60.0.0, COMPILATION OF MODULE DIV_USB
OBJECT MODULE PLACED IN .\Objects\div_usb.obj
COMPILER INVOKED BY: D:\Keil_v5\C51\BIN\C51.EXE div_usb.c OPTIMIZE(9,SPEED) BROWSE DEBUG OBJECTEXTEND PRINT(.\Listings\d
                    -iv_usb.lst) TABS(2) OBJECT(.\Objects\div_usb.obj)

line level    source

   1          #include "div_usb.h"
   2          
   3          uchar xdata xdata_null[192] _at_ 0x0000;
   4          
   5          uchar xdata buf_ep0[EP0_SIZE + MAX_PACKET_SIZE + MAX_PACKET_SIZE] _at_ 0x0340;
   6          static uchar xdata buf_ep2[EP2_SIZE] _at_ 0x0300;
   7          
   8          static uchar idata SetupReq, SetupLen, Ready, Count, FLAG, UsbConfig;
   9          static idata uchar *pDescr;
  10          static USB_SETUP_REQ idata SetupReqBuf;
  11          
  12          #define UsbSetupBuf ((PUSB_SETUP_REQ)buf_ep0)
  13          
  14          char code desc_hid_keyboard[] =
  15          {
  16              0x05, 0x01,
  17              0x09, 0x06,
  18              0xa1, 0x01,
  19              0x05, 0x07,
  20              0x19, 0xe0,
  21              0x29, 0xe7,
  22              0x15, 0x00,
  23              0x25, 0x01,
  24              0x75, 0x01,
  25              0x95, 0x08,
  26              0x81, 0x02,
  27              0x95, 0x01,
  28              0x75, 0x08,
  29              0x81, 0x03,
  30              0x95, 0x05,
  31              0x75, 0x01,
  32              0x05, 0x08,
  33              0x19, 0x01,
  34              0x29, 0x05,
  35              0x91, 0x02,
  36              0x95, 0x01,
  37              0x75, 0x03,
  38              0x91, 0x03,
  39              0x95, 0x06,
  40              0x75, 0x08,
  41              0x15, 0x00,
  42              0x25, 0xFF,
  43              0x05, 0x07,
  44              0x19, 0x00,
  45              0x29, 0x65,
  46              0x81, 0x00,
  47              0xc0
  48          };
  49          
  50          char code desc_device[] =
  51          {
  52              0x12,
  53              0x01,
  54              0x00, 0x02,
C51 COMPILER V9.60.0.0   DIV_USB                                                           03/19/2026 16:24:21 PAGE 2   

  55              0x00,
  56              0x00,
  57              0x00,
  58              EP0_SIZE,
  59              LOBYTE(USB_VID), HIBYTE(USB_VID),
  60              LOBYTE(USB_PID), HIBYTE(USB_PID),
  61              LOBYTE(VERSION), HIBYTE(VERSION),
  62              0x01,
  63              0x02,
  64              0x03,
  65              0x01
  66          };
  67          
  68          #define config_len (9+9+9+7)
  69          char code desc_config[config_len] =
  70          {
  71              0x09, 0x02, config_len, 0x00, 0x01, 0x01, 0x00, 0xA0, 0x5A,
  72          
  73              0x09, 0x04, 0x00, 0x00, 0x01, 0x03, 0x01, 0x00, 0x00,
  74              0x09, 0x21, 0x11, 0x01, 0x00, 0x01, 0x22, LOBYTE(sizeof(desc_hid_keyboard)), HIBYTE(sizeof(desc_hid_ke
             -yboard)),
  75              0x07, 0x05, 0x82, 0x03, EP2_SIZE, 0x00, 0x01
  76          };
  77          
  78          char code LangDes[] = {0x04, 0x03, 0x09, 0x04};
  79          char code Manuf_Des[] = {0x0E, 0x03, 'C', 0x00, 'H', 0x00, '5', 0x00, '5', 0x00, '2', 0x00, 'G', 0x00};
  80          char code Prod_Des[] = {0x10, 0x03, 'K', 0x00, 'e', 0x00, 'y', 0x00, 'b', 0x00, 'o', 0x00, 'a', 0x00, 'r',
             - 0x00};
  81          
  82          char code Ser_Des[30] = {0};
  83          
  84          void drv_usb_init(void)
  85          {
  86   1          SetupReq = 0;
  87   1          SetupLen = 0;
  88   1          Ready = 0;
  89   1          Count = 0;
  90   1          UsbConfig = 0;
  91   1      
  92   1          IE_USB = 0;
  93   1      
  94   1          USB_CTRL = 0x06;
  95   1      
  96   1          UDEV_CTRL = 0x00;
  97   1      
  98   1          memset((void *)&SetupReqBuf, 0, sizeof(SetupReqBuf));
  99   1          memset(buf_ep0, 0, sizeof(buf_ep0));
 100   1          memset(buf_ep2, 0, sizeof(buf_ep2));
 101   1      
 102   1          USB_CTRL = 0x00;
 103   1      
 104   1          UDEV_CTRL = 0x80;
 105   1          UDEV_CTRL |= bUD_PD_DIS;
 106   1      
 107   1          UDEV_CTRL &= ~bUD_LOW_SPEED;
 108   1          USB_CTRL &= ~bUC_LOW_SPEED;
 109   1      
 110   1          UEP4_T_LEN = 0;
 111   1          UEP0_DMA = buf_ep0;
 112   1          UEP4_1_MOD |= bUEP4_TX_EN | bUEP4_RX_EN;
 113   1          UEP4_CTRL = UEP_T_RES_NAK | UEP_R_RES_ACK;
 114   1          UEP0_CTRL = UEP_R_RES_ACK | UEP_T_RES_NAK;
C51 COMPILER V9.60.0.0   DIV_USB                                                           03/19/2026 16:24:21 PAGE 3   

 115   1          UEP0_T_LEN = 0;
 116   1      
 117   1          UEP2_DMA = buf_ep2;
 118   1          UEP2_3_MOD |= bUEP2_TX_EN;
 119   1          UEP2_3_MOD &= ~bUEP2_BUF_MOD;
 120   1          UEP2_CTRL = bUEP_AUTO_TOG | UEP_T_RES_NAK | UEP_R_RES_ACK;
 121   1          UEP2_T_LEN = 0;
 122   1      
 123   1          USB_DEV_AD = 0x00;
 124   1          USB_CTRL |= bUC_DEV_PU_EN | bUC_INT_BUSY | bUC_DMA_EN;
 125   1          UDEV_CTRL |= bUD_PORT_EN;
 126   1          USB_INT_FG = 0xFF;
 127   1          USB_INT_EN = bUIE_SUSPEND | bUIE_TRANSFER | bUIE_BUS_RST;
 128   1          IE_USB = 1;
 129   1      }
 130          
 131          void drv_usb_write_ep2(char *buf, uchar len)
 132          {
 133   1          while (UEP2_CTRL & MASK_UEP_T_RES == UEP_T_RES_ACK);
 134   1      
 135   1          len = (len > EP2_SIZE) ? EP2_SIZE : len;
 136   1          memcpy(buf_ep2, buf, len);
 137   1      
 138   1          UEP2_T_LEN = len;
 139   1          UEP2_CTRL = UEP2_CTRL & ~MASK_UEP_T_RES | UEP_T_RES_ACK;
 140   1      }
 141          
 142          uchar drv_usb_keyboard(uchar *p)
 143          {
 144   1          static uchar idata temp[9] = {1, 0, 0, 0, 0, 0, 0, 0, 0};
 145   1          uchar i;
 146   1          uchar flag = 0;
 147   1          for (i = 0; i < 8; i++)
 148   1          {
 149   2              if (temp[i + 1] != p[i])
 150   2              {
 151   3                  temp[i + 1] = p[i];
 152   3                  flag = 1;
 153   3              }
 154   2          }
 155   1          if (flag)
 156   1          {
 157   2              drv_usb_write_ep2(temp, 9);
 158   2          }
 159   1          return flag;
 160   1      }
 161          
 162          volatile bit num_lock = 0;
 163          volatile bit caps_lock = 0;
 164          
 165          void usb_handler(void) interrupt INT_NO_USB using 1
 166          {
 167   1          uchar len;
 168   1      
 169   1          if (UIF_TRANSFER)
 170   1          {
 171   2              switch (USB_INT_ST & (MASK_UIS_TOKEN | MASK_UIS_ENDP))
 172   2              {
 173   3                  case UIS_TOKEN_IN | 2:
 174   3                      UEP2_T_LEN = 0;
 175   3                      UEP2_CTRL = UEP2_CTRL & ~MASK_UEP_T_RES | UEP_T_RES_NAK;
 176   3                      break;
C51 COMPILER V9.60.0.0   DIV_USB                                                           03/19/2026 16:24:21 PAGE 4   

 177   3      
 178   3                  case UIS_TOKEN_OUT | 2:
 179   3                      break;
 180   3      
 181   3                  case UIS_TOKEN_IN | 4:
 182   3                      UEP4_T_LEN = 0;
 183   3                      UEP4_CTRL ^= bUEP_T_TOG;
 184   3                      UEP4_CTRL = UEP4_CTRL & ~MASK_UEP_T_RES | UEP_T_RES_NAK;
 185   3                      break;
 186   3      
 187   3                  case UIS_TOKEN_OUT | 4:
 188   3                      if (U_TOG_OK)
 189   3                      {
 190   4                          len = USB_RX_LEN;
 191   4                          UEP4_CTRL ^= bUEP_R_TOG;
 192   4                      }
 193   3                      break;
 194   3      
 195   3                  case UIS_TOKEN_SETUP | 0:
 196   3                      len = USB_RX_LEN;
 197   3      
 198   3                      if (len == (sizeof(USB_SETUP_REQ)))
 199   3                      {
 200   4                          if (UsbSetupBuf->wLengthH)
 201   4                              SetupLen = 0xff;
 202   4                          else
 203   4                              SetupLen = UsbSetupBuf->wLengthL;
 204   4                          len = 0;
 205   4                          SetupReq = UsbSetupBuf->bRequest;
 206   4      
 207   4                          if ((UsbSetupBuf->bRequestType & USB_REQ_TYP_MASK) != USB_REQ_TYP_STANDARD)
 208   4                          {
 209   5                              switch (SetupReq)
 210   5                              {
 211   6                                  case HID_GET_REPORT:
 212   6                                      pDescr = buf_ep0;
 213   6                                      len = SetupLen;
 214   6                                      break;
 215   6      
 216   6                                  case HID_GET_IDLE:
 217   6                                      break;
 218   6      
 219   6                                  case HID_GET_PROTOCOL:
 220   6                                      break;
 221   6      
 222   6                                  case HID_SET_REPORT:
 223   6                                      Ready = 1;
 224   6                                      break;
 225   6      
 226   6                                  case HID_SET_IDLE:
 227   6                                      UEP0_T_LEN = 0;
 228   6                                      break;
 229   6      
 230   6                                  case HID_SET_PROTOCOL:
 231   6                                      break;
 232   6      
 233   6                                  default:
 234   6                                      len = 0xFF;
 235   6                                      break;
 236   6                              }
 237   5      
 238   5                              if (SetupLen > len)
C51 COMPILER V9.60.0.0   DIV_USB                                                           03/19/2026 16:24:21 PAGE 5   

 239   5                              {
 240   6                                  SetupLen = len;
 241   6                              }
 242   5      
 243   5                              len = SetupLen >= EP0_SIZE ? EP0_SIZE : SetupLen;
 244   5                              memcpy(buf_ep0, pDescr, len);
 245   5                              SetupLen -= len;
 246   5                              pDescr += len;
 247   5                          }
 248   4                          else
 249   4                          {
 250   5                              switch (SetupReq)
 251   5                              {
 252   6                                  case USB_GET_DESCRIPTOR:
 253   6                                      switch (UsbSetupBuf->wValueH)
 254   6                                      {
 255   7                                          case 1:
 256   7                                              pDescr = desc_device;
 257   7                                              len = sizeof(desc_device);
 258   7                                              break;
 259   7      
 260   7                                          case 2:
 261   7                                              pDescr = desc_config;
 262   7                                              len = sizeof(desc_config);
 263   7                                              break;
 264   7      
 265   7                                          case 3:
 266   7                                              switch (UsbSetupBuf->wValueL)
 267   7                                              {
 268   8                                                  case 0:
 269   8                                                      pDescr = LangDes;
 270   8                                                      len = sizeof(LangDes);
 271   8                                                      break;
 272   8                                                  case 1:
 273   8                                                      pDescr = Manuf_Des;
 274   8                                                      len = sizeof(Manuf_Des);
 275   8                                                      break;
 276   8                                                  case 2:
 277   8                                                      pDescr = Prod_Des;
 278   8                                                      len = sizeof(Prod_Des);
 279   8                                                      break;
 280   8                                                  default:
 281   8                                                      pDescr = Ser_Des;
 282   8                                                      len = sizeof(Ser_Des);
 283   8                                                      break;
 284   8                                              }
 285   7                                              break;
 286   7      
 287   7                                          case 0x22:
 288   7                                              pDescr = desc_hid_keyboard;
 289   7                                              len = sizeof(desc_hid_keyboard);
 290   7                                              Ready = 1;
 291   7                                              break;
 292   7      
 293   7                                          default:
 294   7                                              len = 0xff;
 295   7                                              break;
 296   7                                      }
 297   6      
 298   6                                      if (SetupLen > len)
 299   6                                      {
 300   7                                          SetupLen = len;
C51 COMPILER V9.60.0.0   DIV_USB                                                           03/19/2026 16:24:21 PAGE 6   

 301   7                                      }
 302   6      
 303   6                                      len = SetupLen >= EP0_SIZE ? EP0_SIZE : SetupLen;
 304   6                                      memcpy(buf_ep0, pDescr, len);
 305   6                                      SetupLen -= len;
 306   6                                      pDescr += len;
 307   6                                      break;
 308   6      
 309   6                                  case USB_SET_ADDRESS:
 310   6                                      SetupLen = UsbSetupBuf->wValueL;
 311   6                                      break;
 312   6      
 313   6                                  case USB_GET_CONFIGURATION:
 314   6                                      buf_ep0[0] = UsbConfig;
 315   6                                      if (SetupLen >= 1)
 316   6                                      {
 317   7                                          len = 1;
 318   7                                      }
 319   6                                      break;
 320   6      
 321   6                                  case USB_SET_CONFIGURATION:
 322   6                                      UsbConfig = UsbSetupBuf->wValueL;
 323   6                                      break;
 324   6      
 325   6                                  case 0x0A:
 326   6                                      break;
 327   6      
 328   6                                  case USB_CLEAR_FEATURE:
 329   6                                      if ((UsbSetupBuf->bRequestType & USB_REQ_RECIP_MASK) == USB_REQ_RECIP_ENDP
             -)
 330   6                                      {
 331   7                                          switch (UsbSetupBuf->wIndexL)
 332   7                                          {
 333   8                                              case 0x82:
 334   8                                                  UEP2_CTRL = UEP2_CTRL & ~(bUEP_T_TOG | MASK_UEP_T_RES) | UEP_T
             -_RES_NAK;
 335   8                                                  break;
 336   8                                              case 0x02:
 337   8                                                  UEP2_CTRL = UEP2_CTRL & ~(bUEP_T_TOG | MASK_UEP_T_RES) | UEP_T
             -_RES_NAK;
 338   8                                                  break;
 339   8                                              case 0x84:
 340   8                                                  UEP4_CTRL = UEP4_CTRL & ~ (bUEP_T_TOG | MASK_UEP_T_RES) | UEP_
             -T_RES_NAK;
 341   8                                                  break;
 342   8                                              case 0x04:
 343   8                                                  UEP4_CTRL = UEP4_CTRL & ~ (bUEP_R_TOG | MASK_UEP_R_RES) | UEP_
             -R_RES_ACK;
 344   8                                                  break;
 345   8                                              default:
 346   8                                                  len = 0xFF;
 347   8                                                  break;
 348   8                                          }
 349   7                                      }
 350   6                                      else
 351   6                                      {
 352   7                                          len = 0xFF;
 353   7                                      }
 354   6                                      break;
 355   6      
 356   6                                  case USB_SET_FEATURE:
 357   6                                      if ((UsbSetupBuf->bRequestType & 0x1F) == 0x00)
C51 COMPILER V9.60.0.0   DIV_USB                                                           03/19/2026 16:24:21 PAGE 7   

 358   6                                      {
 359   7                                          if ((((uint)UsbSetupBuf->wValueH << 8) | UsbSetupBuf->wValueL) == 0x01
             -)
 360   7                                          {
 361   8                                          }
 362   7                                          else
 363   7                                          {
 364   8                                              len = 0xFF;
 365   8                                          }
 366   7                                      }
 367   6                                      else if ((UsbSetupBuf->bRequestType & 0x1F) == 0x02)
 368   6                                      {
 369   7                                          if ((((uint)UsbSetupBuf->wValueH << 8) | UsbSetupBuf->wValueL) == 0x00
             -)
 370   7                                          {
 371   8                                              switch (((uint)UsbSetupBuf->wIndexH << 8) | UsbSetupBuf->wIndexL)
 372   8                                              {
 373   9                                                  case 0x82:
 374   9                                                      UEP2_CTRL = UEP2_CTRL & (~bUEP_T_TOG) | UEP_T_RES_STALL;
 375   9                                                      break;
 376   9                                                  case 0x02:
 377   9                                                      UEP2_CTRL = UEP2_CTRL & (~bUEP_R_TOG) | UEP_R_RES_STALL;
 378   9                                                      break;
 379   9                                                  case 0x84:
 380   9                                                      UEP4_CTRL = UEP4_CTRL & (~bUEP_T_TOG) | UEP_T_RES_STALL;
 381   9                                                      break;
 382   9                                                  case 0x04:
 383   9                                                      UEP4_CTRL = UEP4_CTRL & (~bUEP_R_TOG) | UEP_R_RES_STALL;
 384   9                                                      break;
 385   9                                                  default:
 386   9                                                      len = 0xFF;
 387   9                                                      break;
 388   9                                              }
 389   8                                          }
 390   7                                          else
 391   7                                          {
 392   8                                              len = 0xFF;
 393   8                                          }
 394   7                                      }
 395   6                                      else
 396   6                                      {
 397   7                                          len = 0xFF;
 398   7                                      }
 399   6                                      break;
 400   6      
 401   6                                  case USB_GET_STATUS:
 402   6                                      buf_ep0[0] = 0x00;
 403   6                                      buf_ep0[1] = 0x00;
 404   6                                      if (SetupLen >= 2)
 405   6                                      {
 406   7                                          len = 2;
 407   7                                      }
 408   6                                      else
 409   6                                      {
 410   7                                          len = SetupLen;
 411   7                                      }
 412   6                                      break;
 413   6      
 414   6                                  default:
 415   6                                      len = 0xff;
 416   6                                      break;
 417   6                              }
C51 COMPILER V9.60.0.0   DIV_USB                                                           03/19/2026 16:24:21 PAGE 8   

 418   5                          }
 419   4                      }
 420   3                      else
 421   3                      {
 422   4                          len = 0xff;
 423   4                      }
 424   3      
 425   3                      if (len == 0xff)
 426   3                      {
 427   4                          SetupReq = 0xFF;
 428   4                          UEP0_CTRL = bUEP_R_TOG | bUEP_T_TOG | UEP_R_RES_STALL | UEP_T_RES_STALL;
 429   4                      }
 430   3                      else if (len <= EP0_SIZE)
 431   3                      {
 432   4                          UEP0_T_LEN = len;
 433   4                          UEP0_CTRL = bUEP_R_TOG | bUEP_T_TOG | UEP_R_RES_ACK | UEP_T_RES_ACK;
 434   4                      }
 435   3                      else
 436   3                      {
 437   4                          UEP0_T_LEN = 0;
 438   4                          UEP0_CTRL = bUEP_R_TOG | bUEP_T_TOG | UEP_R_RES_ACK | UEP_T_RES_ACK;
 439   4                      }
 440   3                      break;
 441   3      
 442   3                  case UIS_TOKEN_IN | 0:
 443   3                      switch (SetupReq)
 444   3                      {
 445   4                          case USB_GET_DESCRIPTOR:
 446   4                          case HID_GET_REPORT:
 447   4                              len = SetupLen >= EP0_SIZE ? EP0_SIZE : SetupLen;
 448   4                              memcpy(buf_ep0, pDescr, len);
 449   4                              SetupLen -= len;
 450   4                              pDescr += len;
 451   4                              UEP0_T_LEN = len;
 452   4                              UEP0_CTRL ^= bUEP_T_TOG;
 453   4                              break;
 454   4      
 455   4                          case USB_SET_ADDRESS:
 456   4                              USB_DEV_AD = USB_DEV_AD & bUDA_GP_BIT | SetupLen;
 457   4                              UEP0_CTRL = UEP_R_RES_ACK | UEP_T_RES_NAK;
 458   4                              break;
 459   4      
 460   4                          default:
 461   4                              UEP0_T_LEN = 0;
 462   4                              UEP0_CTRL = UEP_R_RES_ACK | UEP_T_RES_NAK;
 463   4                              break;
 464   4                      }
 465   3                      break;
 466   3      
 467   3                  case UIS_TOKEN_OUT | 0:
 468   3                      if (USB_RX_LEN == 2 && buf_ep0[0] == 1)
 469   3                      {
 470   4                          if (buf_ep0[1] & 1)
 471   4                              num_lock = 1;
 472   4                          else
 473   4                              num_lock = 0;
 474   4      
 475   4                          if (buf_ep0[1] & 2)
 476   4                              caps_lock = 1;
 477   4                          else
 478   4                              caps_lock = 0;
 479   4                      }
C51 COMPILER V9.60.0.0   DIV_USB                                                           03/19/2026 16:24:21 PAGE 9   

 480   3                      UEP0_CTRL ^= bUEP_R_TOG;
 481   3                      break;
 482   3      
 483   3                  default:
 484   3                      break;
 485   3              }
 486   2      
 487   2              UIF_TRANSFER = 0;
 488   2          }
 489   1      
 490   1          if (UIF_BUS_RST)
 491   1          {
 492   2              UEP0_CTRL = UEP_R_RES_ACK | UEP_T_RES_NAK;
 493   2              UEP2_CTRL = bUEP_AUTO_TOG | UEP_T_RES_ACK;
 494   2              UEP4_CTRL = bUEP_AUTO_TOG | UEP_R_RES_ACK | UEP_T_RES_NAK;
 495   2              USB_DEV_AD = 0x00;
 496   2              UIF_SUSPEND = 0;
 497   2              UIF_TRANSFER = 0;
 498   2              UIF_BUS_RST = 0;
 499   2      
 500   2              Ready = 0;
 501   2          }
 502   1      
 503   1          if (UIF_SUSPEND)
 504   1          {
 505   2              UIF_SUSPEND = 0;
 506   2              if ( USB_MIS_ST & bUMS_SUSPEND )
 507   2              {
 508   3                  PCON |= PD;
 509   3              }
 510   2          }
 511   1          else
 512   1          {
 513   2              USB_INT_FG = 0xFF;
 514   2          }
 515   1      }


MODULE INFORMATION:   STATIC OVERLAYABLE
   CODE SIZE        =   1223    ----
   CONSTANT SIZE    =    179    ----
   XDATA SIZE       =   ----    ----
   PDATA SIZE       =   ----    ----
   DATA SIZE        =   ----       6
   IDATA SIZE       =     26    ----
   BIT SIZE         =      2    ----
END OF MODULE INFORMATION.


C51 COMPILATION COMPLETE.  0 WARNING(S),  0 ERROR(S)
